c:\users\高杰\desktop\fss\fss_1_0\searchfile\debug\searchfile.pch
c:\users\高杰\desktop\fss\fss_1_0\searchfile\debug\vc141.pdb
c:\users\高杰\desktop\fss\fss_1_0\searchfile\debug\vc141.idb
c:\users\高杰\desktop\fss\fss_1_0\searchfile\debug\stdafx.obj
c:\users\高杰\desktop\fss\fss_1_0\searchfile\debug\searchfileview.obj
c:\users\高杰\desktop\fss\fss_1_0\searchfile\debug\searchfiledoc.obj
c:\users\高杰\desktop\fss\fss_1_0\searchfile\debug\searchfile.obj
c:\users\高杰\desktop\fss\fss_1_0\searchfile\debug\mainfrm.obj
c:\users\高杰\desktop\fss\fss_1_0\searchfile\debug\cselffind.obj
c:\users\高杰\desktop\fss\fss_1_0\searchfile\debug\cselectview.obj
c:\users\高杰\desktop\fss\fss_1_0\searchfile\debug\cdisplayview.obj
c:\users\高杰\desktop\fss\fss_1_0\debug\searchfile.ilk
c:\users\高杰\desktop\fss\fss_1_0\debug\searchfile.exe
c:\users\高杰\desktop\fss\fss_1_0\debug\searchfile.pdb
c:\users\高杰\desktop\fss\fss_1_0\searchfile\debug\searchfile.res
c:\users\高杰\desktop\fss\fss_1_0\searchfile\debug\searchfile.tlog\cl.command.1.tlog
c:\users\高杰\desktop\fss\fss_1_0\searchfile\debug\searchfile.tlog\cl.read.1.tlog
c:\users\高杰\desktop\fss\fss_1_0\searchfile\debug\searchfile.tlog\cl.write.1.tlog
c:\users\高杰\desktop\fss\fss_1_0\searchfile\debug\searchfile.tlog\link.command.1.tlog
c:\users\高杰\desktop\fss\fss_1_0\searchfile\debug\searchfile.tlog\link.read.1.tlog
c:\users\高杰\desktop\fss\fss_1_0\searchfile\debug\searchfile.tlog\link.write.1.tlog
c:\users\高杰\desktop\fss\fss_1_0\searchfile\debug\searchfile.tlog\rc.command.1.tlog
c:\users\高杰\desktop\fss\fss_1_0\searchfile\debug\searchfile.tlog\rc.read.1.tlog
c:\users\高杰\desktop\fss\fss_1_0\searchfile\debug\searchfile.tlog\rc.write.1.tlog
