  stdafx.cpp
  CDisplayView.cpp
  CSelectView.cpp
  CSelfFind.cpp
c:\users\高杰\desktop\fss\fss_1_0\searchfile\cselffind.cpp(29): error C2664: “int MessageBoxW(HWND,LPCWSTR,LPCWSTR,UINT)”: 无法将参数 2 从“char [3]”转换为“LPCWSTR”
  c:\users\高杰\desktop\fss\fss_1_0\searchfile\cselffind.cpp(29): note: 与指向的类型无关；强制转换要求 reinterpret_cast、C 样式强制转换或函数样式强制转换
c:\users\高杰\desktop\fss\fss_1_0\searchfile\cselffind.cpp(44): error C2664: “int MessageBoxW(HWND,LPCWSTR,LPCWSTR,UINT)”: 无法将参数 2 从“char [260]”转换为“LPCWSTR”
  c:\users\高杰\desktop\fss\fss_1_0\searchfile\cselffind.cpp(44): note: 与指向的类型无关；强制转换要求 reinterpret_cast、C 样式强制转换或函数样式强制转换
c:\users\高杰\desktop\fss\fss_1_0\searchfile\cselffind.cpp(36): error C4996: 'sprintf': This function or variable may be unsafe. Consider using sprintf_s instead. To disable deprecation, use _CRT_SECURE_NO_WARNINGS. See online help for details.
  c:\program files (x86)\windows kits\10\include\10.0.17134.0\ucrt\stdio.h(1774): note: 参见“sprintf”的声明
c:\users\高杰\desktop\fss\fss_1_0\searchfile\cselffind.cpp(166): error C2664: “void ATL::CStringT<wchar_t,StrTraitMFC_DLL<wchar_t,ATL::ChTraitsCRT<wchar_t>>>::Format(UINT,...)”: 无法将参数 1 从“const char [28]”转换为“const wchar_t *”
  c:\users\高杰\desktop\fss\fss_1_0\searchfile\cselffind.cpp(166): note: 与指向的类型无关；强制转换要求 reinterpret_cast、C 样式强制转换或函数样式强制转换
c:\users\高杰\desktop\fss\fss_1_0\searchfile\cselffind.cpp(180): error C2664: “void ATL::CStringT<wchar_t,StrTraitMFC_DLL<wchar_t,ATL::ChTraitsCRT<wchar_t>>>::Format(UINT,...)”: 无法将参数 1 从“const char [3]”转换为“const wchar_t *”
  c:\users\高杰\desktop\fss\fss_1_0\searchfile\cselffind.cpp(180): note: 与指向的类型无关；强制转换要求 reinterpret_cast、C 样式强制转换或函数样式强制转换
c:\users\高杰\desktop\fss\fss_1_0\searchfile\cselffind.cpp(227): error C2664: “void ATL::CStringT<wchar_t,StrTraitMFC_DLL<wchar_t,ATL::ChTraitsCRT<wchar_t>>>::Format(UINT,...)”: 无法将参数 1 从“const char [7]”转换为“const wchar_t *”
  c:\users\高杰\desktop\fss\fss_1_0\searchfile\cselffind.cpp(227): note: 与指向的类型无关；强制转换要求 reinterpret_cast、C 样式强制转换或函数样式强制转换
c:\users\高杰\desktop\fss\fss_1_0\searchfile\cselffind.cpp(228): error C2664: “void ATL::CStringT<wchar_t,StrTraitMFC_DLL<wchar_t,ATL::ChTraitsCRT<wchar_t>>>::Format(UINT,...)”: 无法将参数 1 从“const char [29]”转换为“const wchar_t *”
  c:\users\高杰\desktop\fss\fss_1_0\searchfile\cselffind.cpp(228): note: 与指向的类型无关；强制转换要求 reinterpret_cast、C 样式强制转换或函数样式强制转换
c:\users\高杰\desktop\fss\fss_1_0\searchfile\cselffind.cpp(229): error C2440: “初始化”: 无法从“CString”转换为“ATL::CStringT<char,StrTraitMFC_DLL<char,ATL::ChTraitsCRT<_CharType>>>”
          with
          [
              _CharType=char
          ]
  c:\users\高杰\desktop\fss\fss_1_0\searchfile\cselffind.cpp(229): note: class“ATL::CStringT<char,StrTraitMFC_DLL<char,ATL::ChTraitsCRT<_CharType>>>”的构造函数声明为“explicit”
          with
          [
              _CharType=char
          ]
c:\users\高杰\desktop\fss\fss_1_0\searchfile\cselffind.cpp(235): error C2664: “BOOL CreateProcessW(LPCWSTR,LPWSTR,LPSECURITY_ATTRIBUTES,LPSECURITY_ATTRIBUTES,BOOL,DWORD,LPVOID,LPCWSTR,LPSTARTUPINFOW,LPPROCESS_INFORMATION)”: 无法将参数 2 从“char *”转换为“LPWSTR”
  c:\users\高杰\desktop\fss\fss_1_0\searchfile\cselffind.cpp(235): note: 与指向的类型无关；强制转换要求 reinterpret_cast、C 样式强制转换或函数样式强制转换
c:\users\高杰\desktop\fss\fss_1_0\searchfile\cselffind.cpp(248): error C2664: “int ATL::CStringT<wchar_t,StrTraitMFC_DLL<wchar_t,ATL::ChTraitsCRT<wchar_t>>>::Find(const wchar_t *,int) throw() const”: 无法将参数 1 从“const char [5]”转换为“wchar_t”
  c:\users\高杰\desktop\fss\fss_1_0\searchfile\cselffind.cpp(248): note: 没有使该转换得以执行的上下文
c:\users\高杰\desktop\fss\fss_1_0\searchfile\cselffind.cpp(250): error C2440: “初始化”: 无法从“char *”转换为“ATL::CStringT<wchar_t,StrTraitMFC_DLL<wchar_t,ATL::ChTraitsCRT<wchar_t>>>”
  c:\users\高杰\desktop\fss\fss_1_0\searchfile\cselffind.cpp(250): note: class“ATL::CStringT<wchar_t,StrTraitMFC_DLL<wchar_t,ATL::ChTraitsCRT<wchar_t>>>”的构造函数声明为“explicit”
c:\users\高杰\desktop\fss\fss_1_0\searchfile\cselffind.cpp(251): error C2664: “int ATL::CStringT<wchar_t,StrTraitMFC_DLL<wchar_t,ATL::ChTraitsCRT<wchar_t>>>::Find(const wchar_t *,int) throw() const”: 无法将参数 1 从“const char [5]”转换为“wchar_t”
  c:\users\高杰\desktop\fss\fss_1_0\searchfile\cselffind.cpp(251): note: 没有使该转换得以执行的上下文
c:\users\高杰\desktop\fss\fss_1_0\searchfile\cselffind.cpp(260): error C2664: “int remove(const char *)”: 无法将参数 1 从“CString”转换为“const char *”
  c:\users\高杰\desktop\fss\fss_1_0\searchfile\cselffind.cpp(260): note: 没有可用于执行该转换的用户定义的转换运算符，或者无法调用该运算符
c:\users\高杰\desktop\fss\fss_1_0\searchfile\cselffind.cpp(296): warning C4018: “<”: 有符号/无符号不匹配
c:\users\高杰\desktop\fss\fss_1_0\searchfile\cselffind.cpp(300): error C2664: “UINT GetDriveTypeW(LPCWSTR)”: 无法将参数 1 从“char *”转换为“LPCWSTR”
  c:\users\高杰\desktop\fss\fss_1_0\searchfile\cselffind.cpp(300): note: 与指向的类型无关；强制转换要求 reinterpret_cast、C 样式强制转换或函数样式强制转换
c:\users\高杰\desktop\fss\fss_1_0\searchfile\cselffind.cpp(316): warning C4018: “<”: 有符号/无符号不匹配
c:\users\高杰\desktop\fss\fss_1_0\searchfile\cselffind.cpp(338): error C2039: “SetWindowTextA”: 不是“CStatic”的成员
  c:\program files (x86)\microsoft visual studio\2017\community\vc\tools\msvc\14.15.26726\atlmfc\include\afxwin.h(3431): note: 参见“CStatic”的声明
c:\users\高杰\desktop\fss\fss_1_0\searchfile\cselffind.cpp(371): error C2039: “SetWindowTextA”: 不是“CStatic”的成员
  c:\program files (x86)\microsoft visual studio\2017\community\vc\tools\msvc\14.15.26726\atlmfc\include\afxwin.h(3431): note: 参见“CStatic”的声明
c:\users\高杰\desktop\fss\fss_1_0\searchfile\cselffind.cpp(392): error C2664: “BOOL SHGetPathFromIDListW(LPCITEMIDLIST,LPWSTR)”: 无法将参数 2 从“char [260]”转换为“LPWSTR”
  c:\users\高杰\desktop\fss\fss_1_0\searchfile\cselffind.cpp(392): note: 与指向的类型无关；强制转换要求 reinterpret_cast、C 样式强制转换或函数样式强制转换
c:\users\高杰\desktop\fss\fss_1_0\searchfile\cselffind.cpp(394): error C2664: “DWORD GetShortPathNameW(LPCWSTR,LPWSTR,DWORD)”: 无法将参数 1 从“char [260]”转换为“LPCWSTR”
  c:\users\高杰\desktop\fss\fss_1_0\searchfile\cselffind.cpp(394): note: 与指向的类型无关；强制转换要求 reinterpret_cast、C 样式强制转换或函数样式强制转换
c:\users\高杰\desktop\fss\fss_1_0\searchfile\cselffind.cpp(398): error C2664: “BOOL SHGetPathFromIDListW(LPCITEMIDLIST,LPWSTR)”: 无法将参数 2 从“char [260]”转换为“LPWSTR”
  c:\users\高杰\desktop\fss\fss_1_0\searchfile\cselffind.cpp(398): note: 与指向的类型无关；强制转换要求 reinterpret_cast、C 样式强制转换或函数样式强制转换
c:\users\高杰\desktop\fss\fss_1_0\searchfile\cselffind.cpp(400): error C2664: “DWORD GetShortPathNameW(LPCWSTR,LPWSTR,DWORD)”: 无法将参数 1 从“char [260]”转换为“LPCWSTR”
  c:\users\高杰\desktop\fss\fss_1_0\searchfile\cselffind.cpp(400): note: 与指向的类型无关；强制转换要求 reinterpret_cast、C 样式强制转换或函数样式强制转换
c:\users\高杰\desktop\fss\fss_1_0\searchfile\cselffind.cpp(402): error C4996: 'strcpy': This function or variable may be unsafe. Consider using strcpy_s instead. To disable deprecation, use _CRT_SECURE_NO_WARNINGS. See online help for details.
  c:\program files (x86)\windows kits\10\include\10.0.17134.0\ucrt\string.h(133): note: 参见“strcpy”的声明
c:\users\高杰\desktop\fss\fss_1_0\searchfile\cselffind.cpp(403): error C4996: 'strcpy': This function or variable may be unsafe. Consider using strcpy_s instead. To disable deprecation, use _CRT_SECURE_NO_WARNINGS. See online help for details.
  c:\program files (x86)\windows kits\10\include\10.0.17134.0\ucrt\string.h(133): note: 参见“strcpy”的声明
c:\users\高杰\desktop\fss\fss_1_0\searchfile\cselffind.cpp(416): error C4996: 'sprintf': This function or variable may be unsafe. Consider using sprintf_s instead. To disable deprecation, use _CRT_SECURE_NO_WARNINGS. See online help for details.
  c:\program files (x86)\windows kits\10\include\10.0.17134.0\ucrt\stdio.h(1774): note: 参见“sprintf”的声明
c:\users\高杰\desktop\fss\fss_1_0\searchfile\cselffind.cpp(417): error C4996: 'sprintf': This function or variable may be unsafe. Consider using sprintf_s instead. To disable deprecation, use _CRT_SECURE_NO_WARNINGS. See online help for details.
  c:\program files (x86)\windows kits\10\include\10.0.17134.0\ucrt\stdio.h(1774): note: 参见“sprintf”的声明
c:\users\高杰\desktop\fss\fss_1_0\searchfile\cselffind.cpp(422): error C4996: 'sprintf': This function or variable may be unsafe. Consider using sprintf_s instead. To disable deprecation, use _CRT_SECURE_NO_WARNINGS. See online help for details.
  c:\program files (x86)\windows kits\10\include\10.0.17134.0\ucrt\stdio.h(1774): note: 参见“sprintf”的声明
c:\users\高杰\desktop\fss\fss_1_0\searchfile\cselffind.cpp(456): error C2039: “LoadMenuA”: 不是“CMenu”的成员
  c:\program files (x86)\microsoft visual studio\2017\community\vc\tools\msvc\14.15.26726\atlmfc\include\afxwin.h(1135): note: 参见“CMenu”的声明
c:\users\高杰\desktop\fss\fss_1_0\searchfile\cselffind.cpp(483): error C2664: “void _splitpath(const char *,char *,char *,char *,char *)”: 无法将参数 1 从“CString”转换为“const char *”
  c:\users\高杰\desktop\fss\fss_1_0\searchfile\cselffind.cpp(483): note: 没有可用于执行该转换的用户定义的转换运算符，或者无法调用该运算符
c:\users\高杰\desktop\fss\fss_1_0\searchfile\cselffind.cpp(484): error C4996: 'strcat': This function or variable may be unsafe. Consider using strcat_s instead. To disable deprecation, use _CRT_SECURE_NO_WARNINGS. See online help for details.
  c:\program files (x86)\windows kits\10\include\10.0.17134.0\ucrt\string.h(90): note: 参见“strcat”的声明
c:\users\高杰\desktop\fss\fss_1_0\searchfile\cselffind.cpp(486): error C2664: “HINSTANCE ShellExecuteW(HWND,LPCWSTR,LPCWSTR,LPCWSTR,LPCWSTR,INT)”: 无法将参数 3 从“char [260]”转换为“LPCWSTR”
  c:\users\高杰\desktop\fss\fss_1_0\searchfile\cselffind.cpp(486): note: 与指向的类型无关；强制转换要求 reinterpret_cast、C 样式强制转换或函数样式强制转换
c:\users\高杰\desktop\fss\fss_1_0\searchfile\cselffind.cpp(494): error C2664: “int CWnd::MessageBoxW(LPCTSTR,LPCTSTR,UINT)”: 无法将参数 1 从“const char [27]”转换为“LPCTSTR”
  c:\users\高杰\desktop\fss\fss_1_0\searchfile\cselffind.cpp(494): note: 与指向的类型无关；强制转换要求 reinterpret_cast、C 样式强制转换或函数样式强制转换
c:\users\高杰\desktop\fss\fss_1_0\searchfile\cselffind.cpp(504): error C2664: “int remove(const char *)”: 无法将参数 1 从“CString”转换为“const char *”
  c:\users\高杰\desktop\fss\fss_1_0\searchfile\cselffind.cpp(504): note: 没有可用于执行该转换的用户定义的转换运算符，或者无法调用该运算符
c:\users\高杰\desktop\fss\fss_1_0\searchfile\cselffind.cpp(506): error C2664: “int CWnd::MessageBoxW(LPCTSTR,LPCTSTR,UINT)”: 无法将参数 1 从“const char [10]”转换为“LPCTSTR”
  c:\users\高杰\desktop\fss\fss_1_0\searchfile\cselffind.cpp(506): note: 与指向的类型无关；强制转换要求 reinterpret_cast、C 样式强制转换或函数样式强制转换
c:\users\高杰\desktop\fss\fss_1_0\searchfile\cselffind.cpp(510): error C2664: “int CWnd::MessageBoxW(LPCTSTR,LPCTSTR,UINT)”: 无法将参数 1 从“const char [10]”转换为“LPCTSTR”
  c:\users\高杰\desktop\fss\fss_1_0\searchfile\cselffind.cpp(510): note: 与指向的类型无关；强制转换要求 reinterpret_cast、C 样式强制转换或函数样式强制转换
c:\users\高杰\desktop\fss\fss_1_0\searchfile\cselffind.cpp(529): error C2039: “SetWindowTextA”: 不是“CStatic”的成员
  c:\program files (x86)\microsoft visual studio\2017\community\vc\tools\msvc\14.15.26726\atlmfc\include\afxwin.h(3431): note: 参见“CStatic”的声明
c:\users\高杰\desktop\fss\fss_1_0\searchfile\cselffind.cpp(533): error C2039: “SetWindowTextA”: 不是“CStatic”的成员
  c:\program files (x86)\microsoft visual studio\2017\community\vc\tools\msvc\14.15.26726\atlmfc\include\afxwin.h(3431): note: 参见“CStatic”的声明
c:\users\高杰\desktop\fss\fss_1_0\searchfile\cselffind.cpp(572): error C2664: “void CFile::Rename(LPCTSTR,LPCTSTR,ATL::CAtlTransactionManager *)”: 无法将参数 1 从“const char [6]”转换为“LPCTSTR”
  c:\users\高杰\desktop\fss\fss_1_0\searchfile\cselffind.cpp(572): note: 与指向的类型无关；强制转换要求 reinterpret_cast、C 样式强制转换或函数样式强制转换
c:\users\高杰\desktop\fss\fss_1_0\searchfile\cselffind.cpp(595): error C2664: “void ATL::CStringT<wchar_t,StrTraitMFC_DLL<wchar_t,ATL::ChTraitsCRT<wchar_t>>>::Format(UINT,...)”: 无法将参数 1 从“const char [7]”转换为“const wchar_t *”
  c:\users\高杰\desktop\fss\fss_1_0\searchfile\cselffind.cpp(595): note: 与指向的类型无关；强制转换要求 reinterpret_cast、C 样式强制转换或函数样式强制转换
c:\users\高杰\desktop\fss\fss_1_0\searchfile\cselffind.cpp(597): error C2664: “size_t strlen(const char *)”: 无法将参数 1 从“CString”转换为“const char *”
  c:\users\高杰\desktop\fss\fss_1_0\searchfile\cselffind.cpp(597): note: 没有可用于执行该转换的用户定义的转换运算符，或者无法调用该运算符
c:\users\高杰\desktop\fss\fss_1_0\searchfile\cselffind.cpp(597): error C2660: “CFile::Write”: 函数不接受 1 个参数
  c:\program files (x86)\microsoft visual studio\2017\community\vc\tools\msvc\14.15.26726\atlmfc\include\afx.h(1155): note: 参见“CFile::Write”的声明
  MainFrm.cpp
  searchFile.cpp
  searchFileDoc.cpp
  searchFileView.cpp
