######TYPE :0 files, SIZE :6 files ######
FileName:技术专场直播内容.pdf
FileKey:秘密
FileSummary:1.4 企业那些不为人知的小秘密
FilePath:C:\Users\GoingJack\Desktop\牛客网春招备战资料\技术专场直播内容.pdf

FileName:100到200.docx
FileKey:秘密
FileSummary:11111111111111111111111111111111111111111111111111秘密1111111111
FilePath:C:\Users\GoingJack\Desktop\筛选功能测试文件\100到200.docx

FileName:200到500.docx
FileKey:秘密
FileSummary:11111111111111111111111111111111111111111111111111秘密11111111111
FilePath:C:\Users\GoingJack\Desktop\筛选功能测试文件\200到500.docx

FileName:500到1000.docx
FileKey:秘密
FileSummary:11111111111111111111111111111111111111111111111111秘密11111111111111
FilePath:C:\Users\GoingJack\Desktop\筛选功能测试文件\500到1000.docx

FileName:大于1000.docx
FileKey:秘密
FileSummary:11111111111111111111111111111111111111111111111111秘密
FilePath:C:\Users\GoingJack\Desktop\筛选功能测试文件\大于1000.docx

FileName:小于100.docx
FileKey:秘密
FileSummary:11111111111111111111111111111111111111111111111111秘密111111111111111
FilePath:C:\Users\GoingJack\Desktop\筛选功能测试文件\小于100.docx

######TYPE :1 files, SIZE :1 files ######
FileName:小于100.docx
FileKey:秘密
FileSummary:11111111111111111111111111111111111111111111111111秘密111111111111111
FilePath:C:\Users\GoingJack\Desktop\筛选功能测试文件\小于100.docx

######TYPE :2 files, SIZE :2 files ######
FileName:100到200.docx
FileKey:秘密
FileSummary:11111111111111111111111111111111111111111111111111秘密1111111111
FilePath:C:\Users\GoingJack\Desktop\筛选功能测试文件\100到200.docx

FileName:小于100.docx
FileKey:秘密
FileSummary:11111111111111111111111111111111111111111111111111秘密111111111111111
FilePath:C:\Users\GoingJack\Desktop\筛选功能测试文件\小于100.docx

######TYPE :3 files, SIZE :3 files ######
FileName:100到200.docx
FileKey:秘密
FileSummary:11111111111111111111111111111111111111111111111111秘密1111111111
FilePath:C:\Users\GoingJack\Desktop\筛选功能测试文件\100到200.docx

FileName:200到500.docx
FileKey:秘密
FileSummary:11111111111111111111111111111111111111111111111111秘密11111111111
FilePath:C:\Users\GoingJack\Desktop\筛选功能测试文件\200到500.docx

FileName:小于100.docx
FileKey:秘密
FileSummary:11111111111111111111111111111111111111111111111111秘密111111111111111
FilePath:C:\Users\GoingJack\Desktop\筛选功能测试文件\小于100.docx

